<?xml version="1.0" encoding="UTF-8"?>
<!-- Generated by org.testng.reporters.JUnitReportReporter -->
<testsuite hostname="DESKTOP-1QIO4VG" name="com.christianlouboutin.testCases.AddCart" tests="3" failures="0" timestamp="29 Jun 2020 08:13:32 GMT" time="36.974" errors="0">
  <testcase name="addToCart" time="12.258" classname="com.christianlouboutin.testCases.AddCart"/>
  <testcase name="addToCart" time="8.317" classname="com.christianlouboutin.testCases.AddCart"/>
  <testcase name="checkOut" time="16.399" classname="com.christianlouboutin.testCases.AddCart"/>
</testsuite> <!-- com.christianlouboutin.testCases.AddCart -->
