<?xml version="1.0" encoding="UTF-8"?>
<!-- Generated by org.testng.reporters.JUnitReportReporter -->
<testsuite hostname="SURAJKUMAR" name="com.christianlouboutin.testCases.Login" tests="1" failures="0" timestamp="29 Jun 2020 10:12:35 GMT" time="3.353" errors="0">
  <testcase name="login" time="3.353" classname="com.christianlouboutin.testCases.Login"/>
</testsuite> <!-- com.christianlouboutin.testCases.Login -->
