<?xml version="1.0" encoding="UTF-8"?>
<!-- Generated by org.testng.reporters.JUnitReportReporter -->
<testsuite skipped="0" hostname="SURAJKUMAR" name="com.christianlouboutin.testCases.TC01" tests="2" failures="0" timestamp="2020-06-30T09:14:09 IST" time="9.122" errors="0">
  <testcase name="TC01_VerifyManualDataSourceCreation" time="2.176" classname="com.christianlouboutin.testCases.TC01"/>
  <system-out/>
  <testcase name="TC01_VerifyManualDataSourceCreation" time="6.946" classname="com.christianlouboutin.testCases.TC01"/>
  <system-out/>
</testsuite> <!-- com.christianlouboutin.testCases.TC01 -->
