<?xml version="1.0" encoding="UTF-8"?>
<!-- Generated by org.testng.reporters.JUnitReportReporter -->
<testsuite hostname="DESKTOP-1QIO4VG" name="com.christianlouboutin.testCases.Login" tests="1" failures="0" timestamp="29 Jun 2020 08:13:32 GMT" time="4.722" errors="0">
  <testcase name="login" time="4.722" classname="com.christianlouboutin.testCases.Login"/>
</testsuite> <!-- com.christianlouboutin.testCases.Login -->
