<?xml version="1.0" encoding="UTF-8"?>
<!-- Generated by org.testng.reporters.JUnitReportReporter -->
<testsuite skipped="0" hostname="SURAJKUMAR" name="com.christianlouboutin.testCases.TC02" tests="1" failures="0" timestamp="2020-06-30T09:14:09 IST" time="3.335" errors="0">
  <testcase name="TC02_createIDs_FileUpload" time="3.335" classname="com.christianlouboutin.testCases.TC02"/>
  <system-out/>
</testsuite> <!-- com.christianlouboutin.testCases.TC02 -->
