<?xml version="1.0" encoding="UTF-8"?>
<!-- Generated by org.testng.reporters.JUnitReportReporter -->
<testsuite hostname="SURAJKUMAR" name="com.christianlouboutin.testCases.AddCart" tests="3" failures="0" timestamp="29 Jun 2020 10:12:35 GMT" time="39.272" errors="0">
  <testcase name="addToCart" time="9.291" classname="com.christianlouboutin.testCases.AddCart"/>
  <testcase name="addToCart" time="8.818" classname="com.christianlouboutin.testCases.AddCart"/>
  <testcase name="checkOut" time="21.163" classname="com.christianlouboutin.testCases.AddCart"/>
</testsuite> <!-- com.christianlouboutin.testCases.AddCart -->
