<?xml version="1.0" encoding="UTF-8"?>
<!-- Generated by org.testng.reporters.JUnitReportReporter -->
<testsuite skipped="0" hostname="SURAJKUMAR" name="com.christianlouboutin.testCases.Register" tests="1" failures="0" timestamp="2020-07-01T22:31:49 IST" time="4.448" errors="0">
  <testcase name="register" time="4.448" classname="com.christianlouboutin.testCases.Register"/>
  <system-out/>
</testsuite> <!-- com.christianlouboutin.testCases.Register -->
