<?xml version="1.0" encoding="UTF-8"?>
<!-- Generated by org.testng.reporters.JUnitReportReporter -->
<testsuite skipped="0" hostname="DESKTOP-1QIO4VG" name="com.christianlouboutin.testCases.AddCart" tests="3" failures="0" timestamp="2020-07-18T18:43:57 IST" time="81.458" errors="0">
  <testcase name="addToCart" time="42.016" classname="com.christianlouboutin.testCases.AddCart"/>
  <system-out/>
  <testcase name="addToCart" time="20.512" classname="com.christianlouboutin.testCases.AddCart"/>
  <system-out/>
  <testcase name="checkOut" time="18.930" classname="com.christianlouboutin.testCases.AddCart"/>
  <system-out/>
</testsuite> <!-- com.christianlouboutin.testCases.AddCart -->
