<?xml version="1.0" encoding="UTF-8"?>
<!-- Generated by org.testng.reporters.JUnitReportReporter -->
<testsuite hostname="DESKTOP-1QIO4VG" name="com.christianlouboutin.testCases.Register" tests="1" failures="0" timestamp="29 Jun 2020 08:13:32 GMT" time="6.660" errors="0">
  <testcase name="register" time="6.660" classname="com.christianlouboutin.testCases.Register"/>
</testsuite> <!-- com.christianlouboutin.testCases.Register -->
