<?xml version="1.0" encoding="UTF-8"?>
<!-- Generated by org.testng.reporters.JUnitReportReporter -->
<testsuite skipped="0" hostname="SURAJKUMAR" name="com.christianlouboutin.helper.DataSource" tests="1" failures="0" timestamp="2020-07-16T23:51:15 IST" time="0.012" errors="0">
  <testcase name="data" time="0.012" classname="com.christianlouboutin.helper.DataSource"/>
  <system-out/>
</testsuite> <!-- com.christianlouboutin.helper.DataSource -->
