<?xml version="1.0" encoding="UTF-8"?>
<!-- Generated by org.testng.reporters.JUnitReportReporter -->
<testsuite hostname="SURAJKUMAR" name="com.christianlouboutin.testCases.Register" tests="1" failures="0" timestamp="29 Jun 2020 10:12:35 GMT" time="3.709" errors="0">
  <testcase name="register" time="3.709" classname="com.christianlouboutin.testCases.Register"/>
</testsuite> <!-- com.christianlouboutin.testCases.Register -->
