<?xml version="1.0" encoding="UTF-8"?>
<!-- Generated by org.testng.reporters.JUnitReportReporter -->
<testsuite skipped="0" hostname="DESKTOP-1QIO4VG" name="com.christianlouboutin.testCases.DeliveryAndPayment" tests="1" failures="0" timestamp="2020-07-18T15:00:11 IST" time="9.127" errors="0">
  <testcase name="payment" time="9.127" classname="com.christianlouboutin.testCases.DeliveryAndPayment"/>
  <system-out/>
</testsuite> <!-- com.christianlouboutin.testCases.DeliveryAndPayment -->
