<?xml version="1.0" encoding="UTF-8"?>
<!-- Generated by org.testng.reporters.JUnitReportReporter -->
<testsuite hostname="SURAJKUMAR" name="com.christianlouboutin.helper.DataSource" tests="1" failures="0" timestamp="27 Jun 2020 18:12:06 GMT" time="0.020" errors="0">
  <testcase name="data" time="0.020" classname="com.christianlouboutin.helper.DataSource"/>
</testsuite> <!-- com.christianlouboutin.helper.DataSource -->
