<?xml version="1.0" encoding="UTF-8"?>
<!-- Generated by org.testng.reporters.JUnitReportReporter -->
<testsuite skipped="0" hostname="DESKTOP-1QIO4VG" name="com.christianlouboutin.testCases.AddCart" tests="3" failures="0" timestamp="2020-07-18T15:00:11 IST" time="85.512" errors="0">
  <testcase name="checkOut" time="9.112" classname="com.christianlouboutin.testCases.AddCart"/>
  <system-out/>
  <testcase name="addToCart" time="8.358" classname="com.christianlouboutin.testCases.AddCart"/>
  <system-out/>
  <testcase name="addToCart" time="68.042" classname="com.christianlouboutin.testCases.AddCart"/>
  <system-out/>
</testsuite> <!-- com.christianlouboutin.testCases.AddCart -->
