<?xml version="1.0" encoding="UTF-8"?>
<!-- Generated by org.testng.reporters.JUnitReportReporter -->
<testsuite skipped="0" hostname="DESKTOP-1QIO4VG" name="com.christianlouboutin.testCases.Login" tests="1" failures="0" timestamp="2020-07-18T18:43:57 IST" time="13.305" errors="0">
  <testcase name="login" time="13.305" classname="com.christianlouboutin.testCases.Login"/>
  <system-out/>
</testsuite> <!-- com.christianlouboutin.testCases.Login -->
